c:\3drendereropengl\3drendereropengl\3drendereropengl\x64\debug\3drendereropengl.pch
c:\3drendereropengl\3drendereropengl\3drendereropengl\x64\debug\vc142.pdb
c:\3drendereropengl\3drendereropengl\3drendereropengl\x64\debug\vc142.idb
c:\3drendereropengl\3drendereropengl\3drendereropengl\x64\debug\stdafx.obj
c:\3drendereropengl\3drendereropengl\3drendereropengl\x64\debug\texture.obj
c:\3drendereropengl\3drendereropengl\3drendereropengl\x64\debug\shader.obj
c:\3drendereropengl\3drendereropengl\3drendereropengl\x64\debug\renderpipeline.obj
c:\3drendereropengl\3drendereropengl\3drendereropengl\x64\debug\referencegrid.obj
c:\3drendereropengl\3drendereropengl\3drendereropengl\x64\debug\pickingtexture.obj
c:\3drendereropengl\3drendereropengl\3drendereropengl\x64\debug\objloader.obj
c:\3drendereropengl\3drendereropengl\3drendereropengl\x64\debug\movablearrows.obj
c:\3drendereropengl\3drendereropengl\3drendereropengl\x64\debug\object.obj
c:\3drendereropengl\3drendereropengl\3drendereropengl\x64\debug\mesh.obj
c:\3drendereropengl\3drendereropengl\3drendereropengl\x64\debug\materiallibrary.obj
c:\3drendereropengl\3drendereropengl\3drendereropengl\x64\debug\material.obj
c:\3drendereropengl\3drendereropengl\3drendereropengl\x64\debug\main.obj
c:\3drendereropengl\3drendereropengl\3drendereropengl\x64\debug\logsystem.obj
c:\3drendereropengl\3drendereropengl\3drendereropengl\x64\debug\camera.obj
c:\3drendereropengl\3drendereropengl\3drendereropengl\x64\debug\boundingbox.obj
c:\3drendereropengl\3drendereropengl\x64\debug\3drendereropengl.exe
c:\3drendereropengl\3drendereropengl\x64\debug\3drendereropengl.ilk
c:\3drendereropengl\3drendereropengl\x64\debug\3drendereropengl.pdb
c:\3drendereropengl\3drendereropengl\3drendereropengl\x64\debug\3drendereropengl.tlog\cl.command.1.tlog
c:\3drendereropengl\3drendereropengl\3drendereropengl\x64\debug\3drendereropengl.tlog\cl.read.1.tlog
c:\3drendereropengl\3drendereropengl\3drendereropengl\x64\debug\3drendereropengl.tlog\cl.write.1.tlog
c:\3drendereropengl\3drendereropengl\3drendereropengl\x64\debug\3drendereropengl.tlog\link.command.1.tlog
c:\3drendereropengl\3drendereropengl\3drendereropengl\x64\debug\3drendereropengl.tlog\link.read.1.tlog
c:\3drendereropengl\3drendereropengl\3drendereropengl\x64\debug\3drendereropengl.tlog\link.write.1.tlog
